<?xml version="1.0" encoding="UTF-8" standalone="no"?>
<testsuite errors="0" failures="4" name="io.cucumber.core.plugin.JUnitFormatter" skipped="0" tests="4" time="68.629">
    <testcase classname="US004 Giriş sayfası yalnızca geçerli kimlik bilgileriyle erişilebilir olmalıdır" name="TC001 Admin gecerli değerlerle sisteme giriş yapabilmeli" time="27.06">
        <failure message="the succes message yazisi görüntülenemedi" type="java.lang.AssertionError">
            <![CDATA[Given Kullanici04 "url" adresine gider......................................passed
When Kullanici04 Giris simgesine tiklar.....................................passed
And Kullanici04 Sign in simgesine tiklar....................................passed
And Admin04 Username alanina  "team01" girer................................passed
And Admin04 Password alanina   "team0101" girer.............................passed
And Admin04 SignIn butonuna tiklar..........................................passed
And 3 sn bekler.............................................................passed
Then Admin04 Basarili giris mesajini görür..................................failed

StackTrace:
java.lang.AssertionError: the succes message yazisi görüntülenemedi
	at org.junit.Assert.fail(Assert.java:89)
	at stepDefinitions.Ui.US004StepDef.adminBasariliGirisMesajiniGörür(US004StepDef.java:140)
	at ✽.Admin04 Basarili giris mesajini görür(file:///C:/MedunnaProjectTeam01/src/test/resources/features/UiFeatures/US004UI.feature:18)
]]>
        </failure>
    </testcase>
    <testcase classname="US004 Giriş sayfası yalnızca geçerli kimlik bilgileriyle erişilebilir olmalıdır" name="TC002 Doktor  gecerli değerlerle sisteme giriş yapabilmeli" time="7.994">
        <failure message="the succes message yazisi görüntülenemedi" type="java.lang.AssertionError">
            <![CDATA[Given Kullanici04 "url" adresine gider......................................passed
When Kullanici04 Giris simgesine tiklar.....................................passed
And Kullanici04 Sign in simgesine tiklar....................................passed
And Doktor04 Username alanina  "doktor01." girer............................passed
And Doktor04 Password alanina   "Doktor01." girer...........................passed
And Doktor04 SignIn butonuna tiklar.........................................passed
And 3 sn bekler.............................................................passed
Then Doktor04 Basarili giris mesajini görür.................................failed

StackTrace:
java.lang.AssertionError: the succes message yazisi görüntülenemedi
	at org.junit.Assert.fail(Assert.java:89)
	at stepDefinitions.Ui.US004StepDef.doktorBasariliGirisMesajiniGörür(US004StepDef.java:149)
	at ✽.Doktor04 Basarili giris mesajini görür(file:///C:/MedunnaProjectTeam01/src/test/resources/features/UiFeatures/US004UI.feature:31)
]]>
        </failure>
    </testcase>
    <testcase classname="US004 Giriş sayfası yalnızca geçerli kimlik bilgileriyle erişilebilir olmalıdır" name="TC 003 Hasta  gecerli değerlerle sisteme giriş yapabilmeli" time="8.427">
        <failure message="the succes message yazisi görüntülenemedi" type="java.lang.AssertionError">
            <![CDATA[Given Kullanici04 "url" adresine gider......................................passed
When Kullanici04 Giris simgesine tiklar.....................................passed
And Kullanici04 Sign in simgesine tiklar....................................passed
And Hasta04 Username alanina  "Hastateam01" girer...........................passed
And Hasta04 Password alanina   "Hastateam.01" girer.........................passed
And Hasta04 SignIn butonuna tiklar..........................................passed
And 3 sn bekler.............................................................passed
Then Hasta04 Basarili giris mesajini görür..................................failed

StackTrace:
java.lang.AssertionError: the succes message yazisi görüntülenemedi
	at org.junit.Assert.fail(Assert.java:89)
	at stepDefinitions.Ui.US004StepDef.hastaBasariliGirisMesajiniGörür(US004StepDef.java:158)
	at ✽.Hasta04 Basarili giris mesajini görür(file:///C:/MedunnaProjectTeam01/src/test/resources/features/UiFeatures/US004UI.feature:45)
]]>
        </failure>
    </testcase>
    <testcase classname="US004 Giriş sayfası yalnızca geçerli kimlik bilgileriyle erişilebilir olmalıdır" name="TC004 Personel gecerli değerlerle sisteme giriş yapabilmeli" time="24.436">
        <failure message="the succes message yazisi görüntülenemedi" type="java.lang.AssertionError">
            <![CDATA[Given Kullanici04 "url" adresine gider......................................passed
When Kullanici04 Giris simgesine tiklar.....................................passed
And Kullanici04 Sign in simgesine tiklar....................................passed
And Personel04 Username alanina  "personelteam01." girer....................passed
And Personel04 Password alanina   "Personelteam01." girer...................passed
And Personel04 SignIn butonuna tiklar.......................................passed
And 3 sn bekler.............................................................passed
Then Personel04 Basarili giris mesajini görür...............................failed

StackTrace:
java.lang.AssertionError: the succes message yazisi görüntülenemedi
	at org.junit.Assert.fail(Assert.java:89)
	at stepDefinitions.Ui.US004StepDef.personelBasariliGirisMesajiniGörür(US004StepDef.java:166)
	at ✽.Personel04 Basarili giris mesajini görür(file:///C:/MedunnaProjectTeam01/src/test/resources/features/UiFeatures/US004UI.feature:58)
]]>
        </failure>
    </testcase>
</testsuite>
