<?xml version="1.0" encoding="UTF-8" standalone="no"?>
<testsuite errors="0" failures="2" name="io.cucumber.core.plugin.JUnitFormatter" skipped="0" tests="2" time="21.777">
    <testcase classname="US012 Physician (Doktor) test isteyebilmeli (My Appoitments/Edit/Request A Test)" name="TC01 Doktor test isteyebilmeli &quot;Request A Test&quot;" time="3.553">
        <failure message="The scenario has pending or undefined step(s)" type="java.lang.Exception">
            <![CDATA[Given Doktor url adresine gider.............................................undefined
And 3 saniye bekler.........................................................skipped
When Giris simgesine tiklar.................................................skipped
And 3 saniye bekler.........................................................skipped
And Sign in simgesine tiklar................................................skipped
And 3 saniye bekler.........................................................skipped
And Username alanina gecerli bir username girer.............................skipped
And 3 saniye bekler.........................................................skipped
And Password alanina gecerli bir password girer.............................skipped
And 3 saniye bekler.........................................................skipped
And Sign in butonuna tiklar.................................................skipped
And 3 saniye bekler.........................................................skipped
And My Pages e tiklar.......................................................skipped
And 3 saniye bekler.........................................................skipped
And My Appoitmente tiklar...................................................skipped
And 3 saniye bekler.........................................................skipped
And Test isteyecegi hastanin üzerine gelip edit e tiklar....................skipped
And 3 saniye bekler.........................................................skipped
And Acilan sayfada "Request A Test" e tiklar................................skipped
And 3 saniye bekler.........................................................skipped
Then Acilan sayfada testlerin görüldügünü dogrular..........................skipped
]]>
        </failure>
    </testcase>
    <testcase classname="US012 Physician (Doktor) test isteyebilmeli (My Appoitments/Edit/Request A Test)" name="TC02 Test iceriginde &quot;Glucose,Urea,Creatinine,Sodium,Potassium,Total Protein,Albumin,Hemoglobin&quot; secenekleri olmalidir" time="17.679">
        <failure message="The scenario has pending or undefined step(s)" type="java.lang.Exception">
            <![CDATA[Given Doktor url adresine gider.............................................undefined
And 3 saniye bekler.........................................................skipped
When Giris simgesine tiklar.................................................skipped
And 3 saniye bekler.........................................................skipped
And Sign in simgesine tiklar................................................skipped
And 3 saniye bekler.........................................................skipped
And Username alanina gecerli bir username girer.............................skipped
And 3 saniye bekler.........................................................skipped
And Password alanina gecerli bir password girer.............................skipped
And 3 saniye bekler.........................................................skipped
And Sign in butonuna tiklar.................................................skipped
And 3 saniye bekler.........................................................skipped
And My Pages e tiklar.......................................................skipped
And 3 saniye bekler.........................................................skipped
And My Appoitmente tiklar...................................................skipped
And 3 saniye bekler.........................................................skipped
And Test isteyecegi hastanin üzerine gelip edit e tiklar....................skipped
And 3 saniye bekler.........................................................skipped
And Acilan sayfada "Request A Test" e tiklar................................skipped
And 3 saniye bekler.........................................................skipped
And Doktor Urea testi ister.................................................skipped
And 5 saniye bekler.........................................................skipped
And Doktor Sodium testi ister...............................................skipped
And 5 saniye bekler.........................................................skipped
And Doktor Albumin testi ister..............................................skipped
And 5 saniye bekler.........................................................skipped
And Doktor Hemoglobin testi ister...........................................skipped
And 5 saniye bekler.........................................................skipped
And Doktor Potasyum testi ister.............................................skipped
And 5 saniye bekler.........................................................skipped
And Doktor Glukose testi ister..............................................skipped
And 5 saniye bekler.........................................................skipped
And Doktor Creatinine testi ister...........................................skipped
And 3 saniye bekler.........................................................skipped
And Doktor Total Protein testi ister........................................skipped
And 5 saniye bekler.........................................................skipped
And Doktor save butonuna tiklar.............................................skipped
]]>
        </failure>
    </testcase>
</testsuite>
